Exception at PC 0x00007FFABAACBB93
Printing stacktrace...

[0]  [0x00007FFABAACBB93]
[1]  [0x00007FFABAACBB93]
[2]  [0x00007FFABAACB4A1]
[3]  [0x00007FFABAACB3EF]
[4]  [0x00007FFABAAB19FE]
[5]  [0x00007FFABAAB0ED1]
[6]  [0x00007FFABAAB0D76]
[7]  [0x00007FFABAA579F6]
[8]  [0x00007FFABAA47AFB]
[9]  [0x00007FFABAB6E90A]
[10]  [0x00007FFABAB89F87]
[11]  [0x00007FFABAB8A05F]
[12] (BaseThreadInitThunk+0x14) [0x00007FFAED9F7034]
[13] (RtlUserThreadStart+0x21) [0x00007FFAEE4826A1]
Done
Exception at PC 0x00007FFABA7D1A52
Attemped to write at address 0x00007FFA9A66ABA4
Printing stacktrace...

[0]  [0x00007FFABA7D1A52]
[1]  [0x00007FFABA7D1A52]
[2]  [0x00007FFABA7D1AD4]
[3]  [0x00007FFABA913FF7]
[4]  [0x00007FFABA7F9128]
[5]  [0x00007FFABAAADFB9]
[6]  [0x00007FFABAC7EF23]
[7]  [0x00007FFABAB8B06B]
[8]  [0x00007FFABAB808AF]
[9]  [0x00007FFABAB80A32]
[10] (RtlActivateActivationContextUnsafeFast+0x11d) [0x00007FFAEE449A1D]
[11] (LdrShutdownProcess+0x24c) [0x00007FFAEE48DCEC]
[12] (RtlExitUserProcess+0xad) [0x00007FFAEE48DA7D]
[13] (FatalExit+0xb) [0x00007FFAED9FE0AB]
[14] (exit+0x85) [0x00007FFAEDB3A155]
[15] (initterm_e+0x245) [0x00007FFAEDB3A7C5]
[16]  [0x00000000004014CD]
[17]  [0x000000000040151B]
[18] (BaseThreadInitThunk+0x14) [0x00007FFAED9F7034]
[19] (RtlUserThreadStart+0x21) [0x00007FFAEE4826A1]
Done
